<?xml version="1.0" encoding="UTF-8"?>
<testsuite xmlns:xsi="http://www.w3.org/2001/XMLSchema-instance" xsi:noNamespaceSchemaLocation="https://maven.apache.org/surefire/maven-surefire-plugin/xsd/surefire-test-report-3.0.xsd" version="3.0" name="MicroOrganismosTest" time="0.125" tests="16" errors="0" skipped="0" failures="2">
  <properties>
    <property name="sun.desktop" value="windows"/>
    <property name="awt.toolkit" value="sun.awt.windows.WToolkit"/>
    <property name="java.specification.version" value="11"/>
    <property name="sun.cpu.isalist" value="amd64"/>
    <property name="sun.jnu.encoding" value="Cp1252"/>
    <property name="java.class.path" value="C:\Users\anton\IdeaProjects\MicroOrganismo\target\test-classes;C:\Users\anton\IdeaProjects\MicroOrganismo\target\classes;C:\Users\anton\.m2\repository\org\junit\jupiter\junit-jupiter-api\5.4.2\junit-jupiter-api-5.4.2.jar;C:\Users\anton\.m2\repository\org\apiguardian\apiguardian-api\1.0.0\apiguardian-api-1.0.0.jar;C:\Users\anton\.m2\repository\org\opentest4j\opentest4j\1.1.1\opentest4j-1.1.1.jar;C:\Users\anton\.m2\repository\org\junit\platform\junit-platform-commons\1.4.2\junit-platform-commons-1.4.2.jar;C:\Users\anton\.m2\repository\org\junit\jupiter\junit-jupiter-engine\5.4.2\junit-jupiter-engine-5.4.2.jar;C:\Users\anton\.m2\repository\org\junit\platform\junit-platform-engine\1.4.2\junit-platform-engine-1.4.2.jar;C:\Users\anton\.m2\repository\org\junit\jupiter\junit-jupiter-params\5.4.2\junit-jupiter-params-5.4.2.jar;C:\Users\anton\.m2\repository\junit\junit\4.12\junit-4.12.jar;C:\Users\anton\.m2\repository\org\hamcrest\hamcrest-core\1.3\hamcrest-core-1.3.jar;"/>
    <property name="java.vm.vendor" value="JetBrains s.r.o"/>
    <property name="sun.arch.data.model" value="64"/>
    <property name="user.variant" value=""/>
    <property name="java.vendor.url" value="https://www.jetbrains.com/"/>
    <property name="user.timezone" value="America/Tijuana"/>
    <property name="java.vm.specification.version" value="11"/>
    <property name="os.name" value="Windows 10"/>
    <property name="sun.java.launcher" value="SUN_STANDARD"/>
    <property name="user.country" value="US"/>
    <property name="sun.boot.library.path" value="C:\Program Files\JetBrains\IntelliJ IDEA 2019.3.3\jbr\bin"/>
    <property name="sun.java.command" value="C:\Users\anton\AppData\Local\Temp\surefire15189362851313356739\surefirebooter9421660775689211885.jar C:\Users\anton\AppData\Local\Temp\surefire15189362851313356739 2020-03-26T17-15-22_449-jvmRun1 surefire16237636714144926979tmp surefire_015698676440012413345tmp"/>
    <property name="jdk.debug" value="release"/>
    <property name="surefire.test.class.path" value="C:\Users\anton\IdeaProjects\MicroOrganismo\target\test-classes;C:\Users\anton\IdeaProjects\MicroOrganismo\target\classes;C:\Users\anton\.m2\repository\org\junit\jupiter\junit-jupiter-api\5.4.2\junit-jupiter-api-5.4.2.jar;C:\Users\anton\.m2\repository\org\apiguardian\apiguardian-api\1.0.0\apiguardian-api-1.0.0.jar;C:\Users\anton\.m2\repository\org\opentest4j\opentest4j\1.1.1\opentest4j-1.1.1.jar;C:\Users\anton\.m2\repository\org\junit\platform\junit-platform-commons\1.4.2\junit-platform-commons-1.4.2.jar;C:\Users\anton\.m2\repository\org\junit\jupiter\junit-jupiter-engine\5.4.2\junit-jupiter-engine-5.4.2.jar;C:\Users\anton\.m2\repository\org\junit\platform\junit-platform-engine\1.4.2\junit-platform-engine-1.4.2.jar;C:\Users\anton\.m2\repository\org\junit\jupiter\junit-jupiter-params\5.4.2\junit-jupiter-params-5.4.2.jar;C:\Users\anton\.m2\repository\junit\junit\4.12\junit-4.12.jar;C:\Users\anton\.m2\repository\org\hamcrest\hamcrest-core\1.3\hamcrest-core-1.3.jar;"/>
    <property name="sun.cpu.endian" value="little"/>
    <property name="user.home" value="C:\Users\anton"/>
    <property name="user.language" value="en"/>
    <property name="java.specification.vendor" value="Oracle Corporation"/>
    <property name="java.version.date" value="2019-10-15"/>
    <property name="java.home" value="C:\Program Files\JetBrains\IntelliJ IDEA 2019.3.3\jbr"/>
    <property name="file.separator" value="\"/>
    <property name="basedir" value="C:\Users\anton\IdeaProjects\MicroOrganismo"/>
    <property name="java.vm.compressedOopsMode" value="32-bit"/>
    <property name="line.separator" value="&#10;"/>
    <property name="java.specification.name" value="Java Platform API Specification"/>
    <property name="java.vm.specification.vendor" value="Oracle Corporation"/>
    <property name="java.awt.graphicsenv" value="sun.awt.Win32GraphicsEnvironment"/>
    <property name="surefire.real.class.path" value="C:\Users\anton\AppData\Local\Temp\surefire15189362851313356739\surefirebooter9421660775689211885.jar"/>
    <property name="user.script" value=""/>
    <property name="sun.management.compiler" value="HotSpot 64-Bit Tiered Compilers"/>
    <property name="java.runtime.version" value="11.0.5+10-b520.38"/>
    <property name="user.name" value="anton"/>
    <property name="path.separator" value=";"/>
    <property name="os.version" value="10.0"/>
    <property name="java.runtime.name" value="OpenJDK Runtime Environment"/>
    <property name="file.encoding" value="Cp1252"/>
    <property name="java.vm.name" value="OpenJDK 64-Bit Server VM"/>
    <property name="localRepository" value="C:\Users\anton\.m2\repository"/>
    <property name="java.vendor.url.bug" value="https://youtrack.jetbrains.com"/>
    <property name="java.io.tmpdir" value="C:\Users\anton\AppData\Local\Temp\"/>
    <property name="java.version" value="11.0.5"/>
    <property name="user.dir" value="C:\Users\anton\IdeaProjects\MicroOrganismo"/>
    <property name="os.arch" value="amd64"/>
    <property name="java.vm.specification.name" value="Java Virtual Machine Specification"/>
    <property name="java.awt.printerjob" value="sun.awt.windows.WPrinterJob"/>
    <property name="sun.os.patch.level" value=""/>
    <property name="idea.version2019.3.3" value="true"/>
    <property name="java.library.path" value="C:\Program Files\JetBrains\IntelliJ IDEA 2019.3.3\jbr\bin;C:\Windows\Sun\Java\bin;C:\Windows\system32;C:\Windows;C:\Program Files (x86)\Common Files\Oracle\Java\javapath;C:\Windows\system32;C:\Windows;C:\Windows\System32\Wbem;C:\Windows\System32\WindowsPowerShell\v1.0\;C:\Windows\System32\OpenSSH\;C:\Users\anton\AppData\Local\Microsoft\WindowsApps;;."/>
    <property name="java.vendor" value="JetBrains s.r.o"/>
    <property name="java.vm.info" value="mixed mode, sharing"/>
    <property name="java.vm.version" value="11.0.5+10-b520.38"/>
    <property name="sun.io.unicode.encoding" value="UnicodeLittle"/>
    <property name="java.class.version" value="55.0"/>
  </properties>
  <testcase name="TestIrALugares(String)[1]" classname="MicroOrganismosTest" time="0.035"/>
  <testcase name="TestIrALugares(String)[2]" classname="MicroOrganismosTest" time="0">
    <failure type="java.lang.AssertionError"><![CDATA[java.lang.AssertionError: expected:<true> but was:<false>
	at MicroOrganismosTest.TestIrALugares(MicroOrganismosTest.java:24)
]]></failure>
    <system-out><![CDATA[ElMicroDePrueba Esta en higado Con 0vidas
]]></system-out>
  </testcase>
  <testcase name="TestIrALugares(String)[3]" classname="MicroOrganismosTest" time="0"/>
  <testcase name="TestIrALugares(String)[4]" classname="MicroOrganismosTest" time="0.01">
    <failure type="java.lang.AssertionError"><![CDATA[java.lang.AssertionError: expected:<true> but was:<false>
	at MicroOrganismosTest.TestIrALugares(MicroOrganismosTest.java:24)
]]></failure>
    <system-out><![CDATA[ElMicroDePrueba Esta en higado Con 0vidas
]]></system-out>
  </testcase>
  <testcase name="TestIrALugares(String)[5]" classname="MicroOrganismosTest" time="0"/>
  <testcase name="TestIrOrgano" classname="MicroOrganismosTest" time="0"/>
  <testcase name="TestBajarVida" classname="MicroOrganismosTest" time="0"/>
  <testcase name="TestBajarVida" classname="MicroOrganismosTest" time="0"/>
  <testcase name="TestBajarVida" classname="MicroOrganismosTest" time="0.002"/>
  <testcase name="TestBajarVida" classname="MicroOrganismosTest" time="0"/>
  <testcase name="TestBajarVida" classname="MicroOrganismosTest" time="0.005"/>
  <testcase name="TestBajarVida" classname="MicroOrganismosTest" time="0"/>
  <testcase name="TestBajarVida" classname="MicroOrganismosTest" time="0"/>
  <testcase name="TestBajarVida" classname="MicroOrganismosTest" time="0"/>
  <testcase name="TestBajarVida" classname="MicroOrganismosTest" time="0"/>
  <testcase name="TestBajarVida" classname="MicroOrganismosTest" time="0.005"/>
</testsuite>